<?xml version="1.0" encoding="UTF-8"?>
<!-- Generated by org.testng.reporters.JUnitXMLReporter -->
<testsuite hostname="Joshuas-MacBook-Air.local" name="Surefire test" tests="4" failures="0" timestamp="25 Jan 2019 00:37:13 GMT" time="0.029" errors="0">
  <testcase name="@BeforeMethod setUp" time="0.0" classname="UICatalogTests.ButtonsTest">
    <failure type="org.testng.TestNGException" message="
Parameter &amp;apos;OS&amp;apos; is required by @Configuration on method setUp but has not been marked @Optional or defined
">
      <![CDATA[org.testng.TestNGException: 
Parameter 'OS' is required by @Configuration on method setUp but has not been marked @Optional or defined

... Removed 28 stack frames]]>
    </failure>
  </testcase> <!-- @BeforeMethod setUp -->
  <testcase name="@BeforeMethod navigate" time="0.0" classname="UICatalogTests.ButtonsTest">
    <skipped/>
  </testcase> <!-- @BeforeMethod navigate -->
  <testcase name="@AfterMethod cleanUpApp" time="0.0" classname="UICatalogTests.ButtonsTest">
    <skipped/>
  </testcase> <!-- @AfterMethod cleanUpApp -->
  <testcase name="@BeforeMethod setUp" time="0.0" classname="UICatalogTests.ButtonsTest">
    <skipped/>
  </testcase> <!-- @BeforeMethod setUp -->
  <testcase name="@BeforeMethod navigate" time="0.0" classname="UICatalogTests.ButtonsTest">
    <skipped/>
  </testcase> <!-- @BeforeMethod navigate -->
  <testcase name="@AfterMethod cleanUpApp" time="0.0" classname="UICatalogTests.ButtonsTest">
    <skipped/>
  </testcase> <!-- @AfterMethod cleanUpApp -->
  <testcase name="@BeforeMethod setUp" time="0.0" classname="ButtonsTest.ButtonsTest">
    <skipped/>
  </testcase> <!-- @BeforeMethod setUp -->
  <testcase name="@BeforeMethod navigate" time="0.0" classname="ButtonsTest.ButtonsTest">
    <skipped/>
  </testcase> <!-- @BeforeMethod navigate -->
  <testcase name="@AfterMethod cleanUpApp" time="0.0" classname="ButtonsTest.ButtonsTest">
    <skipped/>
  </testcase> <!-- @AfterMethod cleanUpApp -->
  <testcase name="@BeforeMethod setUp" time="0.0" classname="ButtonsTest.ButtonsTest">
    <skipped/>
  </testcase> <!-- @BeforeMethod setUp -->
  <testcase name="@BeforeMethod navigate" time="0.0" classname="ButtonsTest.ButtonsTest">
    <skipped/>
  </testcase> <!-- @BeforeMethod navigate -->
  <testcase name="@AfterMethod cleanUpApp" time="0.0" classname="ButtonsTest.ButtonsTest">
    <skipped/>
  </testcase> <!-- @AfterMethod cleanUpApp -->
  <testcase name="buttonsTest" time="0.005" classname="UICatalogTests.ButtonsTest">
    <skipped/>
  </testcase> <!-- buttonsTest -->
  <testcase name="grayButtonTest" time="0.0" classname="UICatalogTests.ButtonsTest">
    <skipped/>
  </testcase> <!-- grayButtonTest -->
  <testcase name="buttonsTest" time="0.001" classname="ButtonsTest.ButtonsTest">
    <skipped/>
  </testcase> <!-- buttonsTest -->
  <testcase name="grayButtonTest" time="0.0" classname="ButtonsTest.ButtonsTest">
    <skipped/>
  </testcase> <!-- grayButtonTest -->
</testsuite> <!-- Surefire test -->
