<?xml version="1.0" encoding="UTF-8"?>
<testng-results skipped="4" failed="0" total="4" passed="0">
  <reporter-output>
  </reporter-output>
  <suite name="Surefire suite" duration-ms="29" started-at="2019-01-25T00:37:13Z" finished-at="2019-01-25T00:37:13Z">
    <groups>
    </groups>
    <test name="Surefire test" duration-ms="29" started-at="2019-01-25T00:37:13Z" finished-at="2019-01-25T00:37:13Z">
      <class name="ButtonsTest.ButtonsTest">
        <test-method status="SKIP" signature="setUp(java.lang.String, java.lang.String, java.lang.String, java.lang.String, java.lang.String)[pri:0, instance:ButtonsTest.ButtonsTest@1d057a39]" name="setUp" is-config="true" duration-ms="0" started-at="2019-01-24T19:37:13Z" finished-at="2019-01-24T19:37:13Z">
          <reporter-output>
          </reporter-output>
        </test-method> <!-- setUp -->
        <test-method status="SKIP" signature="navigate()[pri:0, instance:ButtonsTest.ButtonsTest@1d057a39]" name="navigate" is-config="true" duration-ms="0" started-at="2019-01-24T19:37:13Z" finished-at="2019-01-24T19:37:13Z">
          <reporter-output>
          </reporter-output>
        </test-method> <!-- navigate -->
        <test-method status="SKIP" signature="buttonsTest()[pri:0, instance:ButtonsTest.ButtonsTest@1d057a39]" name="buttonsTest" duration-ms="1" started-at="2019-01-24T19:37:13Z" finished-at="2019-01-24T19:37:13Z">
          <reporter-output>
          </reporter-output>
        </test-method> <!-- buttonsTest -->
        <test-method status="SKIP" signature="cleanUpApp()[pri:0, instance:ButtonsTest.ButtonsTest@1d057a39]" name="cleanUpApp" is-config="true" duration-ms="0" started-at="2019-01-24T19:37:13Z" finished-at="2019-01-24T19:37:13Z">
          <reporter-output>
          </reporter-output>
        </test-method> <!-- cleanUpApp -->
        <test-method status="SKIP" signature="grayButtonTest()[pri:0, instance:ButtonsTest.ButtonsTest@1d057a39]" name="grayButtonTest" duration-ms="0" started-at="2019-01-24T19:37:13Z" finished-at="2019-01-24T19:37:13Z">
          <reporter-output>
          </reporter-output>
        </test-method> <!-- grayButtonTest -->
        <test-method status="SKIP" signature="cleanUpApp()[pri:0, instance:ButtonsTest.ButtonsTest@1d057a39]" name="cleanUpApp" is-config="true" duration-ms="0" started-at="2019-01-24T19:37:13Z" finished-at="2019-01-24T19:37:13Z">
          <reporter-output>
          </reporter-output>
        </test-method> <!-- cleanUpApp -->
        <test-method status="SKIP" signature="navigate()[pri:0, instance:ButtonsTest.ButtonsTest@1d057a39]" name="navigate" is-config="true" duration-ms="0" started-at="2019-01-24T19:37:13Z" finished-at="2019-01-24T19:37:13Z">
          <reporter-output>
          </reporter-output>
        </test-method> <!-- navigate -->
        <test-method status="SKIP" signature="setUp(java.lang.String, java.lang.String, java.lang.String, java.lang.String, java.lang.String)[pri:0, instance:ButtonsTest.ButtonsTest@1d057a39]" name="setUp" is-config="true" duration-ms="0" started-at="2019-01-24T19:37:13Z" finished-at="2019-01-24T19:37:13Z">
          <reporter-output>
          </reporter-output>
        </test-method> <!-- setUp -->
      </class> <!-- ButtonsTest.ButtonsTest -->
      <class name="UICatalogTests.ButtonsTest">
        <test-method status="FAIL" signature="setUp(java.lang.String, java.lang.String, java.lang.String, java.lang.String, java.lang.String)[pri:0, instance:UICatalogTests.ButtonsTest@457e2f02]" name="setUp" is-config="true" duration-ms="0" started-at="2019-01-24T19:37:13Z" finished-at="2019-01-24T19:37:13Z">
          <exception class="org.testng.TestNGException">
            <message>
              <![CDATA[
Parameter 'OS' is required by @Configuration on method setUp but has not been marked @Optional or defined
]]>
            </message>
            <full-stacktrace>
              <![CDATA[org.testng.TestNGException: 
Parameter 'OS' is required by @Configuration on method setUp but has not been marked @Optional or defined

	at org.testng.internal.Parameters.createParameters(Parameters.java:148)
	at org.testng.internal.Parameters.createParameters(Parameters.java:361)
	at org.testng.internal.Parameters.createConfigurationParameters(Parameters.java:84)
	at org.testng.internal.Invoker.invokeConfigurations(Invoker.java:197)
	at org.testng.internal.Invoker.invokeMethod(Invoker.java:585)
	at org.testng.internal.Invoker.invokeTestMethod(Invoker.java:821)
	at org.testng.internal.Invoker.invokeTestMethods(Invoker.java:1131)
	at org.testng.internal.TestMethodWorker.invokeTestMethods(TestMethodWorker.java:124)
	at org.testng.internal.TestMethodWorker.run(TestMethodWorker.java:108)
	at org.testng.TestRunner.privateRun(TestRunner.java:773)
	at org.testng.TestRunner.run(TestRunner.java:623)
	at org.testng.SuiteRunner.runTest(SuiteRunner.java:357)
	at org.testng.SuiteRunner.runSequentially(SuiteRunner.java:352)
	at org.testng.SuiteRunner.privateRun(SuiteRunner.java:310)
	at org.testng.SuiteRunner.run(SuiteRunner.java:259)
	at org.testng.SuiteRunnerWorker.runSuite(SuiteRunnerWorker.java:52)
	at org.testng.SuiteRunnerWorker.run(SuiteRunnerWorker.java:86)
	at org.testng.TestNG.runSuitesSequentially(TestNG.java:1185)
	at org.testng.TestNG.runSuitesLocally(TestNG.java:1110)
	at org.testng.TestNG.run(TestNG.java:1018)
	at org.apache.maven.surefire.testng.TestNGExecutor.run(TestNGExecutor.java:135)
	at org.apache.maven.surefire.testng.TestNGDirectoryTestSuite.executeMulti(TestNGDirectoryTestSuite.java:193)
	at org.apache.maven.surefire.testng.TestNGDirectoryTestSuite.execute(TestNGDirectoryTestSuite.java:94)
	at org.apache.maven.surefire.testng.TestNGProvider.invoke(TestNGProvider.java:146)
	at org.apache.maven.surefire.booter.ForkedBooter.invokeProviderInSameClassLoader(ForkedBooter.java:373)
	at org.apache.maven.surefire.booter.ForkedBooter.runSuitesInProcess(ForkedBooter.java:334)
	at org.apache.maven.surefire.booter.ForkedBooter.execute(ForkedBooter.java:119)
	at org.apache.maven.surefire.booter.ForkedBooter.main(ForkedBooter.java:407)
]]>
            </full-stacktrace>
          </exception> <!-- org.testng.TestNGException -->
          <reporter-output>
          </reporter-output>
        </test-method> <!-- setUp -->
        <test-method status="SKIP" signature="navigate()[pri:0, instance:UICatalogTests.ButtonsTest@457e2f02]" name="navigate" is-config="true" duration-ms="0" started-at="2019-01-24T19:37:13Z" finished-at="2019-01-24T19:37:13Z">
          <reporter-output>
          </reporter-output>
        </test-method> <!-- navigate -->
        <test-method status="SKIP" signature="buttonsTest()[pri:0, instance:UICatalogTests.ButtonsTest@457e2f02]" name="buttonsTest" duration-ms="5" started-at="2019-01-24T19:37:13Z" finished-at="2019-01-24T19:37:13Z">
          <reporter-output>
          </reporter-output>
        </test-method> <!-- buttonsTest -->
        <test-method status="SKIP" signature="cleanUpApp()[pri:0, instance:UICatalogTests.ButtonsTest@457e2f02]" name="cleanUpApp" is-config="true" duration-ms="0" started-at="2019-01-24T19:37:13Z" finished-at="2019-01-24T19:37:13Z">
          <reporter-output>
          </reporter-output>
        </test-method> <!-- cleanUpApp -->
        <test-method status="SKIP" signature="navigate()[pri:0, instance:UICatalogTests.ButtonsTest@457e2f02]" name="navigate" is-config="true" duration-ms="0" started-at="2019-01-24T19:37:13Z" finished-at="2019-01-24T19:37:13Z">
          <reporter-output>
          </reporter-output>
        </test-method> <!-- navigate -->
        <test-method status="SKIP" signature="setUp(java.lang.String, java.lang.String, java.lang.String, java.lang.String, java.lang.String)[pri:0, instance:UICatalogTests.ButtonsTest@457e2f02]" name="setUp" is-config="true" duration-ms="0" started-at="2019-01-24T19:37:13Z" finished-at="2019-01-24T19:37:13Z">
          <reporter-output>
          </reporter-output>
        </test-method> <!-- setUp -->
        <test-method status="SKIP" signature="grayButtonTest()[pri:0, instance:UICatalogTests.ButtonsTest@457e2f02]" name="grayButtonTest" duration-ms="0" started-at="2019-01-24T19:37:13Z" finished-at="2019-01-24T19:37:13Z">
          <reporter-output>
          </reporter-output>
        </test-method> <!-- grayButtonTest -->
        <test-method status="SKIP" signature="cleanUpApp()[pri:0, instance:UICatalogTests.ButtonsTest@457e2f02]" name="cleanUpApp" is-config="true" duration-ms="0" started-at="2019-01-24T19:37:13Z" finished-at="2019-01-24T19:37:13Z">
          <reporter-output>
          </reporter-output>
        </test-method> <!-- cleanUpApp -->
      </class> <!-- UICatalogTests.ButtonsTest -->
    </test> <!-- Surefire test -->
  </suite> <!-- Surefire suite -->
</testng-results>
