<?xml version="1.0" encoding="UTF-8"?>
<testsuite xmlns:xsi="http://www.w3.org/2001/XMLSchema-instance" xsi:noNamespaceSchemaLocation="https://maven.apache.org/surefire/maven-surefire-plugin/xsd/surefire-test-report.xsd" name="ButtonsTest.ButtonsTest" time="0.333" tests="8" errors="0" skipped="7" failures="1">
  <properties>
[...]
</properties>
  <testcase name="setUp" classname="ButtonsTest.ButtonsTest" time="0.222">
    <failure message="&#10;Parameter &apos;OS&apos; is required by @Configuration on method setUp but has not been marked @Optional or defined&#10;" type="org.testng.TestNGException">org.testng.TestNGException: 

Parameter 'OS' is required by @Configuration on method setUp but has not been marked @Optional or defined

</failure>
  </testcase>
  <testcase name="setUp" classname="ButtonsTest.ButtonsTest" time="0">
    <skipped/>
  </testcase>
  <testcase name="navigate" classname="ButtonsTest.ButtonsTest" time="0">
    <skipped/>
  </testcase>
  <testcase name="navigate" classname="ButtonsTest.ButtonsTest" time="0">
    <skipped/>
  </testcase>
  <testcase name="buttonsTest" classname="ButtonsTest.ButtonsTest" time="0">
    <skipped/>
  </testcase>
  <testcase name="cleanUpApp" classname="ButtonsTest.ButtonsTest" time="0">
    <skipped/>
  </testcase>
  <testcase name="cleanUpApp" classname="ButtonsTest.ButtonsTest" time="0">
    <skipped/>
  </testcase>
  <testcase name="grayButtonTest" classname="ButtonsTest.ButtonsTest" time="0">
    <skipped/>
  </testcase>
</testsuite>